Build started 12/7/2015 8:54:44 PM.
     1>Project "C:\Users\Atreya Misra\Documents\EE 312 Che\Recitations\Recitations.vcxproj" on node 2 (Build target(s)).
     1>ClCompile:
         C:\Program Files (x86)\Microsoft Visual Studio 14.0\VC\bin\CL.exe /c /ZI /nologo /W3 /WX- /Od /Oy- /D WIN32 /D _DEBUG /D _CONSOLE /D _UNICODE /D UNICODE /Gm /EHsc /RTC1 /MDd /GS /fp:precise /Zc:wchar_t /Zc:forScope /Zc:inline /Fo"Debug\\" /Fd"Debug\vc140.pdb" /Gd /TC /analyze- /errorReport:prompt StudyProgram.c
         StudyProgram.c
     1>c:\users\atreya misra\documents\ee 312 che\recitations\studyprogram.c(1): warning C4067: unexpected tokens following preprocessor directive - expected a newline
     1>c:\users\atreya misra\documents\ee 312 che\recitations\studyprogram.c(193): warning C4013: 'strcpy' undefined; assuming extern returning int
     1>c:\users\atreya misra\documents\ee 312 che\recitations\studyprogram.c(205): warning C4047: '=': 'char' differs in levels of indirection from 'char [5]'
     1>c:\users\atreya misra\documents\ee 312 che\recitations\studyprogram.c(222): warning C4047: '!=': 'char [100]' differs in levels of indirection from 'int'
     1>c:\users\atreya misra\documents\ee 312 che\recitations\studyprogram.c(223): warning C4047: '==': 'char [100]' differs in levels of indirection from 'int'
     1>c:\users\atreya misra\documents\ee 312 che\recitations\studyprogram.c(224): warning C4047: '=': 'char' differs in levels of indirection from 'char *'
     1>c:\users\atreya misra\documents\ee 312 che\recitations\studyprogram.c(229): warning C4047: '=': 'char' differs in levels of indirection from 'char *'
     1>c:\users\atreya misra\documents\ee 312 che\recitations\studyprogram.c(213): warning C4996: 'scanf': This function or variable may be unsafe. Consider using scanf_s instead. To disable deprecation, use _CRT_SECURE_NO_WARNINGS. See online help for details.
         c:\program files (x86)\windows kits\10\include\10.0.10150.0\ucrt\stdio.h(1270): note: see declaration of 'scanf'
       Link:
         C:\Program Files (x86)\Microsoft Visual Studio 14.0\VC\bin\link.exe /ERRORREPORT:PROMPT /OUT:"C:\Users\Atreya Misra\Documents\EE 312 Che\Recitations\Debug\Recitations.exe" /INCREMENTAL /NOLOGO kernel32.lib user32.lib gdi32.lib winspool.lib comdlg32.lib advapi32.lib shell32.lib ole32.lib oleaut32.lib uuid.lib odbc32.lib odbccp32.lib /MANIFEST /MANIFESTUAC:"level='asInvoker' uiAccess='false'" /manifest:embed /Debug /PDB:"C:\Users\Atreya Misra\Documents\EE 312 Che\Recitations\Debug\Recitations.pdb" /SUBSYSTEM:CONSOLE /TLBID:1 /DYNAMICBASE /NXCOMPAT /IMPLIB:"C:\Users\Atreya Misra\Documents\EE 312 Che\Recitations\Debug\Recitations.lib" /MACHINE:X86 Debug\StudyProgram.obj
         Recitations.vcxproj -> C:\Users\Atreya Misra\Documents\EE 312 Che\Recitations\Debug\Recitations.exe
     1>Done Building Project "C:\Users\Atreya Misra\Documents\EE 312 Che\Recitations\Recitations.vcxproj" (Build target(s)).

Build succeeded.

Time Elapsed 00:00:00.29
